Added Component: Designator=IC1(DHT11)
Added Component: Designator=IC2(STM32_BLUEPILL)
Added Component: Designator=IC3(LORA)
Added Component: Designator=P1(HDR1X6)
Add component (AddParameter): Name = "LatestRevisionDate"; Value = "17-Jul-2002"; VariantName = "[No Variations]"
Add component (AddParameter): Name = "LatestRevisionNote"; Value = "Re-released for DXP Platform."; VariantName = "[No Variations]"
Add component (AddParameter): Name = "Publisher"; Value = "Altium Limited"; VariantName = "[No Variations]"
Added Pin To Net: NetName=3V3 Pin=IC1-1
Added Pin To Net: NetName=3V3 Pin=IC2-3
Added Pin To Net: NetName=3V3 Pin=IC3-6
Added Net: Name=3V3
Added Pin To Net: NetName=A1 Pin=IC1-2
Added Pin To Net: NetName=A1 Pin=IC2-15
Added Net: Name=A1
Added Pin To Net: NetName=GND Pin=IC1-3
Added Pin To Net: NetName=GND Pin=IC2-2
Added Pin To Net: NetName=GND Pin=IC3-1
Added Pin To Net: NetName=GND Pin=IC3-2
Added Pin To Net: NetName=GND Pin=IC3-7
Added Pin To Net: NetName=GND Pin=P1-2
Added Net: Name=GND
Added Pin To Net: NetName=UART1_RX Pin=IC2-34
Added Pin To Net: NetName=UART1_RX Pin=IC3-4
Added Pin To Net: NetName=UART1_RX Pin=P1-4
Added Net: Name=UART1_RX
Added Pin To Net: NetName=UART1_TX Pin=IC2-35
Added Pin To Net: NetName=UART1_TX Pin=IC3-3
Added Pin To Net: NetName=UART1_TX Pin=P1-3
Added Net: Name=UART1_TX
Added Class: Name=STM32_Trans_sheet
Added Room: Name=STM32_Trans_sheet
