Added Component: Designator=C2(CP1/2)
Add component (AddParameter): Name = "Description 1"; Value = "10 => 220uF/6,3V/10V - 10uF => 100uF/16V"; VariantName = "[No Variations]"
Add component (AddParameter): Name = "Description 2"; Value = "0,1uF => 33uF/50V - 10uF => 22uF/63V"; VariantName = "[No Variations]"
Add component (AddParameter): Name = "Description 3"; Value = "0,47uF => 10uF/100V"; VariantName = "[No Variations]"
Add component (AddParameter): Name = "Value"; Value = "10uF/50V"; VariantName = "[No Variations]"
Added Component: Designator=C3(CP1/2)
Add component (AddParameter): Name = "Description 1"; Value = "10 => 220uF/6,3V/10V - 10uF => 100uF/16V"; VariantName = "[No Variations]"
Add component (AddParameter): Name = "Description 2"; Value = "0,1uF => 33uF/50V - 10uF => 22uF/63V"; VariantName = "[No Variations]"
Add component (AddParameter): Name = "Description 3"; Value = "0,47uF => 10uF/100V"; VariantName = "[No Variations]"
Add component (AddParameter): Name = "Value"; Value = "10uF/50V"; VariantName = "[No Variations]"
Added Component: Designator=C4(CN2)
Add component (AddParameter): Name = "Value"; Value = "0.1uF"; VariantName = "[No Variations]"
Added Component: Designator=C5(CN2)
Add component (AddParameter): Name = "Value"; Value = "0.1uF"; VariantName = "[No Variations]"
Added Component: Designator=C6(CN2)
Add component (AddParameter): Name = "Value"; Value = "0.1uF"; VariantName = "[No Variations]"
Added Component: Designator=C7(CN2)
Add component (AddParameter): Name = "Value"; Value = "0.1uF"; VariantName = "[No Variations]"
Added Component: Designator=IC1(QTO-220)
Add component (AddParameter): Name = "Value"; Value = "LM7805"; VariantName = "[No Variations]"
Added Component: Designator=IC2(QTO-220)
Add component (AddParameter): Name = "Value"; Value = "LM7805"; VariantName = "[No Variations]"
Added Component: Designator=IC3(STM32_BLUEPILL)
Added Component: Designator=IC4(LORA)
Added Component: Designator=IC5(DS3231)
Added Component: Designator=IC6(DHT11)
Added Component: Designator=IC7(ESP8266)
Added Component: Designator=JDC(DC-IN)
Add component (AddParameter): Name = "Value"; Value = "Jac DC"; VariantName = "[No Variations]"
Added Component: Designator=LED1(LED-3)
Add component (AddParameter): Name = "Value"; Value = "LED 3 ly Single Colour"; VariantName = "[No Variations]"
Added Component: Designator=P1(HDR1X6)
Add component (AddParameter): Name = "LatestRevisionDate"; Value = "17-Jul-2002"; VariantName = "[No Variations]"
Add component (AddParameter): Name = "LatestRevisionNote"; Value = "Re-released for DXP Platform."; VariantName = "[No Variations]"
Add component (AddParameter): Name = "Publisher"; Value = "Altium Limited"; VariantName = "[No Variations]"
Added Component: Designator=P2(HDR1X6)
Add component (AddParameter): Name = "LatestRevisionDate"; Value = "17-Jul-2002"; VariantName = "[No Variations]"
Add component (AddParameter): Name = "LatestRevisionNote"; Value = "Re-released for DXP Platform."; VariantName = "[No Variations]"
Add component (AddParameter): Name = "Publisher"; Value = "Altium Limited"; VariantName = "[No Variations]"
Added Component: Designator=P3(HDR1X4)
Add component (AddParameter): Name = "LatestRevisionDate"; Value = "17-Jul-2002"; VariantName = "[No Variations]"
Add component (AddParameter): Name = "LatestRevisionNote"; Value = "Re-released for DXP Platform."; VariantName = "[No Variations]"
Add component (AddParameter): Name = "Publisher"; Value = "Altium Limited"; VariantName = "[No Variations]"
Added Component: Designator=P4(HDR1X2)
Add component (AddParameter): Name = "LatestRevisionDate"; Value = "17-Jul-2002"; VariantName = "[No Variations]"
Add component (AddParameter): Name = "LatestRevisionNote"; Value = "Re-released for DXP Platform."; VariantName = "[No Variations]"
Add component (AddParameter): Name = "Publisher"; Value = "Altium Limited"; VariantName = "[No Variations]"
Added Component: Designator=R1(R1/4W)
Add component (AddParameter): Name = "Value"; Value = "R1/4W - 1K"; VariantName = "[No Variations]"
Added Pin To Net: NetName=3V3 Pin=C3-1
Added Pin To Net: NetName=3V3 Pin=C7-2
Added Pin To Net: NetName=3V3 Pin=IC2-3
Added Pin To Net: NetName=3V3 Pin=IC3-3
Added Pin To Net: NetName=3V3 Pin=IC4-6
Added Pin To Net: NetName=3V3 Pin=IC5-5
Added Pin To Net: NetName=3V3 Pin=IC6-1
Added Pin To Net: NetName=3V3 Pin=IC7-1
Added Net: Name=3V3
Added Pin To Net: NetName=5V Pin=C2-1
Added Pin To Net: NetName=5V Pin=C4-2
Added Pin To Net: NetName=5V Pin=C6-2
Added Pin To Net: NetName=5V Pin=IC1-3
Added Pin To Net: NetName=5V Pin=IC2-1
Added Pin To Net: NetName=5V Pin=P3-2
Added Net: Name=5V
Added Pin To Net: NetName=12V Pin=C5-2
Added Pin To Net: NetName=12V Pin=IC1-1
Added Pin To Net: NetName=12V Pin=JDC-1
Added Pin To Net: NetName=12V Pin=R1-2
Added Net: Name=12V
Added Pin To Net: NetName=DHT11 Pin=IC3-15
Added Pin To Net: NetName=DHT11 Pin=IC6-2
Added Net: Name=DHT11
Added Pin To Net: NetName=GND Pin=C2-2
Added Pin To Net: NetName=GND Pin=C3-2
Added Pin To Net: NetName=GND Pin=C4-1
Added Pin To Net: NetName=GND Pin=C5-1
Added Pin To Net: NetName=GND Pin=C6-1
Added Pin To Net: NetName=GND Pin=C7-1
Added Pin To Net: NetName=GND Pin=IC1-2
Added Pin To Net: NetName=GND Pin=IC2-2
Added Pin To Net: NetName=GND Pin=IC3-2
Added Pin To Net: NetName=GND Pin=IC4-1
Added Pin To Net: NetName=GND Pin=IC4-2
Added Pin To Net: NetName=GND Pin=IC4-7
Added Pin To Net: NetName=GND Pin=IC5-6
Added Pin To Net: NetName=GND Pin=IC6-3
Added Pin To Net: NetName=GND Pin=IC7-2
Added Pin To Net: NetName=GND Pin=JDC-2
Added Pin To Net: NetName=GND Pin=LED1-2
Added Pin To Net: NetName=GND Pin=P1-2
Added Pin To Net: NetName=GND Pin=P2-2
Added Pin To Net: NetName=GND Pin=P3-1
Added Pin To Net: NetName=GND Pin=P4-2
Added Net: Name=GND
Added Pin To Net: NetName=I2C_SCL Pin=IC3-27
Added Pin To Net: NetName=I2C_SCL Pin=IC5-3
Added Pin To Net: NetName=I2C_SCL Pin=P3-4
Added Net: Name=I2C_SCL
Added Pin To Net: NetName=I2C_SDA Pin=IC3-26
Added Pin To Net: NetName=I2C_SDA Pin=IC5-4
Added Pin To Net: NetName=I2C_SDA Pin=P3-3
Added Net: Name=I2C_SDA
Added Pin To Net: NetName=NetLED1_1 Pin=LED1-1
Added Pin To Net: NetName=NetLED1_1 Pin=R1-1
Added Net: Name=NetLED1_1
Added Pin To Net: NetName=SW Pin=IC3-12
Added Pin To Net: NetName=SW Pin=P4-1
Added Net: Name=SW
Added Pin To Net: NetName=UART1_RX Pin=IC3-34
Added Pin To Net: NetName=UART1_RX Pin=IC7-24
Added Net: Name=UART1_RX
Added Pin To Net: NetName=UART1_TX Pin=IC3-35
Added Pin To Net: NetName=UART1_TX Pin=IC7-23
Added Net: Name=UART1_TX
Added Pin To Net: NetName=UART2_RX Pin=IC3-13
Added Pin To Net: NetName=UART2_RX Pin=P1-5
Added Net: Name=UART2_RX
Added Pin To Net: NetName=UART2_TX Pin=IC3-14
Added Pin To Net: NetName=UART2_TX Pin=P1-4
Added Net: Name=UART2_TX
Added Pin To Net: NetName=UART3_RX Pin=IC3-5
Added Pin To Net: NetName=UART3_RX Pin=IC4-4
Added Pin To Net: NetName=UART3_RX Pin=P2-5
Added Net: Name=UART3_RX
Added Pin To Net: NetName=UART3_TX Pin=IC3-6
Added Pin To Net: NetName=UART3_TX Pin=IC4-3
Added Pin To Net: NetName=UART3_TX Pin=P2-4
Added Net: Name=UART3_TX
Added Member To Class: ClassName=alt_sche Member=Component C2 10uF
Added Member To Class: ClassName=alt_sche Member=Component C3 10uF
Added Member To Class: ClassName=alt_sche Member=Component C4 104
Added Member To Class: ClassName=alt_sche Member=Component C5 104
Added Member To Class: ClassName=alt_sche Member=Component C6 104
Added Member To Class: ClassName=alt_sche Member=Component C7 104
Added Member To Class: ClassName=alt_sche Member=Component IC1 LM7805
Added Member To Class: ClassName=alt_sche Member=Component IC2 LM7805
Added Member To Class: ClassName=alt_sche Member=Component IC3 STM32F103C8T6
Added Member To Class: ClassName=alt_sche Member=Component IC4 AS32 Lora
Added Member To Class: ClassName=alt_sche Member=Component IC5 DS3231
Added Member To Class: ClassName=alt_sche Member=Component IC6 DHT11
Added Member To Class: ClassName=alt_sche Member=Component IC7 ESP8266
Added Member To Class: ClassName=alt_sche Member=Component JDC Jac DC
Added Member To Class: ClassName=alt_sche Member=Component LED1 LED
Added Member To Class: ClassName=alt_sche Member=Component P1 UART
Added Member To Class: ClassName=alt_sche Member=Component P2 UART
Added Member To Class: ClassName=alt_sche Member=Component P3 I2C-LCD
Added Member To Class: ClassName=alt_sche Member=Component P4 SW
Added Member To Class: ClassName=alt_sche Member=Component R1 1k
Added Room: Name=alt_sche
